<?xml version="1.0" encoding="UTF-8"?>
<testng-results skipped="0" failed="0" ignored="0" total="1" passed="1">
  <reporter-output>
  </reporter-output>
  <suite name="Default suite" duration-ms="30524" started-at="2021-08-08T13:43:53Z" finished-at="2021-08-08T13:44:23Z">
    <groups>
    </groups>
    <test name="Default test" duration-ms="30524" started-at="2021-08-08T13:43:53Z" finished-at="2021-08-08T13:44:23Z">
      <class name="HomePageTest">
        <test-method status="PASS" signature="setUp()[pri:0, instance:HomePageTest@16aa0a0a]" name="setUp" is-config="true" duration-ms="25148" started-at="2021-08-08T13:43:53Z" finished-at="2021-08-08T13:44:18Z">
          <reporter-output>
          </reporter-output>
        </test-method> <!-- setUp -->
        <test-method status="PASS" signature="gotoSummerDressesPageTest()[pri:1, instance:HomePageTest@16aa0a0a]" name="gotoSummerDressesPageTest" duration-ms="5308" started-at="2021-08-08T13:44:18Z" finished-at="2021-08-08T13:44:23Z">
          <reporter-output>
          </reporter-output>
        </test-method> <!-- gotoSummerDressesPageTest -->
      </class> <!-- HomePageTest -->
    </test> <!-- Default test -->
  </suite> <!-- Default suite -->
</testng-results>
